The system is: Darwin - 21.5.0 - arm64
Compiling the C compiler identification source file "CMakeCCompilerId.c" succeeded.
Compiler: /usr/local/llvm/bin/clang 
Build flags: 
Id flags: -c 

The output was:
0


Compilation of the C compiler identification source "CMakeCCompilerId.c" produced "CMakeCCompilerId.o"

The C compiler identification is Clang, found in "/Users/xuyiming/git/ChaosOLAP/cpp/cmake-build-debug/CMakeFiles/3.22.3/CompilerIdC/CMakeCCompilerId.o"

Compiling the CXX compiler identification source file "CMakeCXXCompilerId.cpp" succeeded.
Compiler: /usr/local/llvm/bin/clang++ 
Build flags: 
Id flags: -c 

The output was:
0


Compilation of the CXX compiler identification source "CMakeCXXCompilerId.cpp" produced "CMakeCXXCompilerId.o"

The CXX compiler identification is Clang, found in "/Users/xuyiming/git/ChaosOLAP/cpp/cmake-build-debug/CMakeFiles/3.22.3/CompilerIdCXX/CMakeCXXCompilerId.o"

Detecting C compiler ABI info compiled with the following output:
Change Dir: /Users/xuyiming/git/ChaosOLAP/cpp/cmake-build-debug/CMakeFiles/CMakeTmp

Run Build Command(s):/Users/xuyiming/Library/Application Support/JetBrains/Toolbox/apps/CLion/ch-0/221.5921.27/CLion.app/Contents/bin/ninja/mac/ninja cmTC_0a325 && [1/2] Building C object CMakeFiles/cmTC_0a325.dir/CMakeCCompilerABI.c.o
clang version 15.0.0 (https://github.com/llvm/llvm-project.git 6f9d990a6ea8d352dd08bdfa094335077f92bc32)
Target: arm64-apple-darwin21.5.0
Thread model: posix
InstalledDir: /usr/local/llvm/bin
clang-15: warning: -Wl,-v: 'linker' input unused [-Wunused-command-line-argument]
 (in-process)
 "/usr/local/llvm/bin/clang-15" -cc1 -triple arm64-apple-macosx12.0.0 -Wundef-prefix=TARGET_OS_ -Werror=undef-prefix -Wdeprecated-objc-isa-usage -Werror=deprecated-objc-isa-usage -emit-obj -mrelax-all --mrelax-relocations -disable-free -clear-ast-before-backend -disable-llvm-verifier -discard-value-names -main-file-name CMakeCCompilerABI.c -mrelocation-model pic -pic-level 2 -mframe-pointer=non-leaf -ffp-contract=on -fno-rounding-math -funwind-tables=2 -target-sdk-version=12.3 -fcompatibility-qualified-id-block-type-checking -fvisibility-inlines-hidden-static-local-var -target-cpu apple-m1 -target-feature +v8.5a -target-feature +crc -target-feature +lse -target-feature +rdm -target-feature +crypto -target-feature +dotprod -target-feature +fp-armv8 -target-feature +neon -target-feature +fp16fml -target-feature +ras -target-feature +rcpc -target-feature +zcm -target-feature +zcz -target-feature +fullfp16 -target-feature +sm4 -target-feature +sha3 -target-feature +sha2 -target-feature +aes -target-abi darwinpcs -fallow-half-arguments-and-returns -mllvm -treat-scalable-fixed-error-as-warning -debugger-tuning=lldb -target-linker-version 764 -v -fcoverage-compilation-dir=/Users/xuyiming/git/ChaosOLAP/cpp/cmake-build-debug/CMakeFiles/CMakeTmp -resource-dir /usr/local/llvm/lib/clang/15.0.0 -dependency-file CMakeFiles/cmTC_0a325.dir/CMakeCCompilerABI.c.o.d -MT CMakeFiles/cmTC_0a325.dir/CMakeCCompilerABI.c.o -sys-header-deps -isysroot /Library/Developer/CommandLineTools/SDKs/MacOSX12.3.sdk -internal-isystem /Library/Developer/CommandLineTools/SDKs/MacOSX12.3.sdk/usr/local/include -internal-isystem /usr/local/llvm/lib/clang/15.0.0/include -internal-externc-isystem /Library/Developer/CommandLineTools/SDKs/MacOSX12.3.sdk/usr/include -fdebug-compilation-dir=/Users/xuyiming/git/ChaosOLAP/cpp/cmake-build-debug/CMakeFiles/CMakeTmp -ferror-limit 19 -stack-protector 1 -fblocks -fencode-extended-block-signature -fregister-global-dtors-with-atexit -fgnuc-version=4.2.1 -fmax-type-align=16 -D__GCC_HAVE_DWARF2_CFI_ASM=1 -o CMakeFiles/cmTC_0a325.dir/CMakeCCompilerABI.c.o -x c "/Users/xuyiming/Library/Application Support/JetBrains/Toolbox/apps/CLion/ch-0/221.5921.27/CLion.app/Contents/bin/cmake/mac/share/cmake-3.22/Modules/CMakeCCompilerABI.c"
clang -cc1 version 15.0.0 based upon LLVM 15.0.0git default target arm64-apple-darwin21.5.0
ignoring nonexistent directory "/Library/Developer/CommandLineTools/SDKs/MacOSX12.3.sdk/usr/local/include"
ignoring nonexistent directory "/Library/Developer/CommandLineTools/SDKs/MacOSX12.3.sdk/Library/Frameworks"
#include "..." search starts here:
#include <...> search starts here:
 /usr/local/llvm/lib/clang/15.0.0/include
 /Library/Developer/CommandLineTools/SDKs/MacOSX12.3.sdk/usr/include
 /Library/Developer/CommandLineTools/SDKs/MacOSX12.3.sdk/System/Library/Frameworks (framework directory)
End of search list.
[2/2] Linking C executable cmTC_0a325
clang version 15.0.0 (https://github.com/llvm/llvm-project.git 6f9d990a6ea8d352dd08bdfa094335077f92bc32)
Target: arm64-apple-darwin21.5.0
Thread model: posix
InstalledDir: /usr/local/llvm/bin
 "/usr/bin/ld" -demangle -lto_library /usr/local/llvm/lib/libLTO.dylib -dynamic -arch arm64 -platform_version macos 12.0.0 12.3 -syslibroot /Library/Developer/CommandLineTools/SDKs/MacOSX12.3.sdk -o cmTC_0a325 -search_paths_first -headerpad_max_install_names -v CMakeFiles/cmTC_0a325.dir/CMakeCCompilerABI.c.o -lSystem
@(#)PROGRAM:ld  PROJECT:ld64-764
BUILD 11:22:55 Apr 28 2022
configured to support archs: armv6 armv7 armv7s arm64 arm64e arm64_32 i386 x86_64 x86_64h armv6m armv7k armv7m armv7em
Library search paths:
	/Library/Developer/CommandLineTools/SDKs/MacOSX12.3.sdk/usr/lib
Framework search paths:
	/Library/Developer/CommandLineTools/SDKs/MacOSX12.3.sdk/System/Library/Frameworks/



Parsed C implicit include dir info from above output: rv=done
  found start of include info
  found start of implicit include info
    add: [/usr/local/llvm/lib/clang/15.0.0/include]
    add: [/Library/Developer/CommandLineTools/SDKs/MacOSX12.3.sdk/usr/include]
  end of search list found
  collapse include dir [/usr/local/llvm/lib/clang/15.0.0/include] ==> [/usr/local/llvm/lib/clang/15.0.0/include]
  collapse include dir [/Library/Developer/CommandLineTools/SDKs/MacOSX12.3.sdk/usr/include] ==> [/Library/Developer/CommandLineTools/SDKs/MacOSX12.3.sdk/usr/include]
  implicit include dirs: [/usr/local/llvm/lib/clang/15.0.0/include;/Library/Developer/CommandLineTools/SDKs/MacOSX12.3.sdk/usr/include]


Parsed C implicit link information from above output:
  link line regex: [^( *|.*[/\])(ld|CMAKE_LINK_STARTFILE-NOTFOUND|([^/\]+-)?ld|collect2)[^/\]*( |$)]
  ignore line: [Change Dir: /Users/xuyiming/git/ChaosOLAP/cpp/cmake-build-debug/CMakeFiles/CMakeTmp]
  ignore line: []
  ignore line: [Run Build Command(s):/Users/xuyiming/Library/Application Support/JetBrains/Toolbox/apps/CLion/ch-0/221.5921.27/CLion.app/Contents/bin/ninja/mac/ninja cmTC_0a325 && [1/2] Building C object CMakeFiles/cmTC_0a325.dir/CMakeCCompilerABI.c.o]
  ignore line: [clang version 15.0.0 (https://github.com/llvm/llvm-project.git 6f9d990a6ea8d352dd08bdfa094335077f92bc32)]
  ignore line: [Target: arm64-apple-darwin21.5.0]
  ignore line: [Thread model: posix]
  ignore line: [InstalledDir: /usr/local/llvm/bin]
  ignore line: [clang-15: warning: -Wl -v: 'linker' input unused [-Wunused-command-line-argument]]
  ignore line: [ (in-process)]
  ignore line: [ "/usr/local/llvm/bin/clang-15" -cc1 -triple arm64-apple-macosx12.0.0 -Wundef-prefix=TARGET_OS_ -Werror=undef-prefix -Wdeprecated-objc-isa-usage -Werror=deprecated-objc-isa-usage -emit-obj -mrelax-all --mrelax-relocations -disable-free -clear-ast-before-backend -disable-llvm-verifier -discard-value-names -main-file-name CMakeCCompilerABI.c -mrelocation-model pic -pic-level 2 -mframe-pointer=non-leaf -ffp-contract=on -fno-rounding-math -funwind-tables=2 -target-sdk-version=12.3 -fcompatibility-qualified-id-block-type-checking -fvisibility-inlines-hidden-static-local-var -target-cpu apple-m1 -target-feature +v8.5a -target-feature +crc -target-feature +lse -target-feature +rdm -target-feature +crypto -target-feature +dotprod -target-feature +fp-armv8 -target-feature +neon -target-feature +fp16fml -target-feature +ras -target-feature +rcpc -target-feature +zcm -target-feature +zcz -target-feature +fullfp16 -target-feature +sm4 -target-feature +sha3 -target-feature +sha2 -target-feature +aes -target-abi darwinpcs -fallow-half-arguments-and-returns -mllvm -treat-scalable-fixed-error-as-warning -debugger-tuning=lldb -target-linker-version 764 -v -fcoverage-compilation-dir=/Users/xuyiming/git/ChaosOLAP/cpp/cmake-build-debug/CMakeFiles/CMakeTmp -resource-dir /usr/local/llvm/lib/clang/15.0.0 -dependency-file CMakeFiles/cmTC_0a325.dir/CMakeCCompilerABI.c.o.d -MT CMakeFiles/cmTC_0a325.dir/CMakeCCompilerABI.c.o -sys-header-deps -isysroot /Library/Developer/CommandLineTools/SDKs/MacOSX12.3.sdk -internal-isystem /Library/Developer/CommandLineTools/SDKs/MacOSX12.3.sdk/usr/local/include -internal-isystem /usr/local/llvm/lib/clang/15.0.0/include -internal-externc-isystem /Library/Developer/CommandLineTools/SDKs/MacOSX12.3.sdk/usr/include -fdebug-compilation-dir=/Users/xuyiming/git/ChaosOLAP/cpp/cmake-build-debug/CMakeFiles/CMakeTmp -ferror-limit 19 -stack-protector 1 -fblocks -fencode-extended-block-signature -fregister-global-dtors-with-atexit -fgnuc-version=4.2.1 -fmax-type-align=16 -D__GCC_HAVE_DWARF2_CFI_ASM=1 -o CMakeFiles/cmTC_0a325.dir/CMakeCCompilerABI.c.o -x c "/Users/xuyiming/Library/Application Support/JetBrains/Toolbox/apps/CLion/ch-0/221.5921.27/CLion.app/Contents/bin/cmake/mac/share/cmake-3.22/Modules/CMakeCCompilerABI.c"]
  ignore line: [clang -cc1 version 15.0.0 based upon LLVM 15.0.0git default target arm64-apple-darwin21.5.0]
  ignore line: [ignoring nonexistent directory "/Library/Developer/CommandLineTools/SDKs/MacOSX12.3.sdk/usr/local/include"]
  ignore line: [ignoring nonexistent directory "/Library/Developer/CommandLineTools/SDKs/MacOSX12.3.sdk/Library/Frameworks"]
  ignore line: [#include "..." search starts here:]
  ignore line: [#include <...> search starts here:]
  ignore line: [ /usr/local/llvm/lib/clang/15.0.0/include]
  ignore line: [ /Library/Developer/CommandLineTools/SDKs/MacOSX12.3.sdk/usr/include]
  ignore line: [ /Library/Developer/CommandLineTools/SDKs/MacOSX12.3.sdk/System/Library/Frameworks (framework directory)]
  ignore line: [End of search list.]
  ignore line: [[2/2] Linking C executable cmTC_0a325]
  ignore line: [clang version 15.0.0 (https://github.com/llvm/llvm-project.git 6f9d990a6ea8d352dd08bdfa094335077f92bc32)]
  ignore line: [Target: arm64-apple-darwin21.5.0]
  ignore line: [Thread model: posix]
  ignore line: [InstalledDir: /usr/local/llvm/bin]
  link line: [ "/usr/bin/ld" -demangle -lto_library /usr/local/llvm/lib/libLTO.dylib -dynamic -arch arm64 -platform_version macos 12.0.0 12.3 -syslibroot /Library/Developer/CommandLineTools/SDKs/MacOSX12.3.sdk -o cmTC_0a325 -search_paths_first -headerpad_max_install_names -v CMakeFiles/cmTC_0a325.dir/CMakeCCompilerABI.c.o -lSystem]
    arg [/usr/bin/ld] ==> ignore
    arg [-demangle] ==> ignore
    arg [-lto_library] ==> ignore, skip following value
    arg [/usr/local/llvm/lib/libLTO.dylib] ==> skip value of -lto_library
    arg [-dynamic] ==> ignore
    arg [-arch] ==> ignore
    arg [arm64] ==> ignore
    arg [-platform_version] ==> ignore
    arg [macos] ==> ignore
    arg [12.0.0] ==> ignore
    arg [12.3] ==> ignore
    arg [-syslibroot] ==> ignore
    arg [/Library/Developer/CommandLineTools/SDKs/MacOSX12.3.sdk] ==> ignore
    arg [-o] ==> ignore
    arg [cmTC_0a325] ==> ignore
    arg [-search_paths_first] ==> ignore
    arg [-headerpad_max_install_names] ==> ignore
    arg [-v] ==> ignore
    arg [CMakeFiles/cmTC_0a325.dir/CMakeCCompilerABI.c.o] ==> ignore
    arg [-lSystem] ==> lib [System]
  Library search paths: [;/Library/Developer/CommandLineTools/SDKs/MacOSX12.3.sdk/usr/lib]
  Framework search paths: [;/Library/Developer/CommandLineTools/SDKs/MacOSX12.3.sdk/System/Library/Frameworks/]
  remove lib [System]
  collapse library dir [/Library/Developer/CommandLineTools/SDKs/MacOSX12.3.sdk/usr/lib] ==> [/Library/Developer/CommandLineTools/SDKs/MacOSX12.3.sdk/usr/lib]
  collapse framework dir [/Library/Developer/CommandLineTools/SDKs/MacOSX12.3.sdk/System/Library/Frameworks/] ==> [/Library/Developer/CommandLineTools/SDKs/MacOSX12.3.sdk/System/Library/Frameworks]
  implicit libs: []
  implicit objs: []
  implicit dirs: [/Library/Developer/CommandLineTools/SDKs/MacOSX12.3.sdk/usr/lib]
  implicit fwks: [/Library/Developer/CommandLineTools/SDKs/MacOSX12.3.sdk/System/Library/Frameworks]


Detecting CXX compiler ABI info compiled with the following output:
Change Dir: /Users/xuyiming/git/ChaosOLAP/cpp/cmake-build-debug/CMakeFiles/CMakeTmp

Run Build Command(s):/Users/xuyiming/Library/Application Support/JetBrains/Toolbox/apps/CLion/ch-0/221.5921.27/CLion.app/Contents/bin/ninja/mac/ninja cmTC_bf9d4 && [1/2] Building CXX object CMakeFiles/cmTC_bf9d4.dir/CMakeCXXCompilerABI.cpp.o
clang version 15.0.0 (https://github.com/llvm/llvm-project.git 6f9d990a6ea8d352dd08bdfa094335077f92bc32)
Target: arm64-apple-darwin21.5.0
Thread model: posix
InstalledDir: /usr/local/llvm/bin
clang-15: warning: -Wl,-v: 'linker' input unused [-Wunused-command-line-argument]
ignoring nonexistent directory "/usr/local/llvm/bin/../include/c++/v1"
 (in-process)
 "/usr/local/llvm/bin/clang-15" -cc1 -triple arm64-apple-macosx12.0.0 -Wundef-prefix=TARGET_OS_ -Werror=undef-prefix -Wdeprecated-objc-isa-usage -Werror=deprecated-objc-isa-usage -emit-obj -mrelax-all --mrelax-relocations -disable-free -clear-ast-before-backend -disable-llvm-verifier -discard-value-names -main-file-name CMakeCXXCompilerABI.cpp -mrelocation-model pic -pic-level 2 -mframe-pointer=non-leaf -ffp-contract=on -fno-rounding-math -funwind-tables=2 -target-sdk-version=12.3 -fcompatibility-qualified-id-block-type-checking -fvisibility-inlines-hidden-static-local-var -target-cpu apple-m1 -target-feature +v8.5a -target-feature +crc -target-feature +lse -target-feature +rdm -target-feature +crypto -target-feature +dotprod -target-feature +fp-armv8 -target-feature +neon -target-feature +fp16fml -target-feature +ras -target-feature +rcpc -target-feature +zcm -target-feature +zcz -target-feature +fullfp16 -target-feature +sm4 -target-feature +sha3 -target-feature +sha2 -target-feature +aes -target-abi darwinpcs -fallow-half-arguments-and-returns -mllvm -treat-scalable-fixed-error-as-warning -debugger-tuning=lldb -target-linker-version 764 -v -fcoverage-compilation-dir=/Users/xuyiming/git/ChaosOLAP/cpp/cmake-build-debug/CMakeFiles/CMakeTmp -resource-dir /usr/local/llvm/lib/clang/15.0.0 -dependency-file CMakeFiles/cmTC_bf9d4.dir/CMakeCXXCompilerABI.cpp.o.d -MT CMakeFiles/cmTC_bf9d4.dir/CMakeCXXCompilerABI.cpp.o -sys-header-deps -isysroot /Library/Developer/CommandLineTools/SDKs/MacOSX12.3.sdk -stdlib=libc++ -internal-isystem /Library/Developer/CommandLineTools/SDKs/MacOSX12.3.sdk/usr/include/c++/v1 -internal-isystem /Library/Developer/CommandLineTools/SDKs/MacOSX12.3.sdk/usr/local/include -internal-isystem /usr/local/llvm/lib/clang/15.0.0/include -internal-externc-isystem /Library/Developer/CommandLineTools/SDKs/MacOSX12.3.sdk/usr/include -fdeprecated-macro -fdebug-compilation-dir=/Users/xuyiming/git/ChaosOLAP/cpp/cmake-build-debug/CMakeFiles/CMakeTmp -ferror-limit 19 -stack-protector 1 -fblocks -fencode-extended-block-signature -fregister-global-dtors-with-atexit -fgnuc-version=4.2.1 -fcxx-exceptions -fexceptions -fmax-type-align=16 -D__GCC_HAVE_DWARF2_CFI_ASM=1 -o CMakeFiles/cmTC_bf9d4.dir/CMakeCXXCompilerABI.cpp.o -x c++ "/Users/xuyiming/Library/Application Support/JetBrains/Toolbox/apps/CLion/ch-0/221.5921.27/CLion.app/Contents/bin/cmake/mac/share/cmake-3.22/Modules/CMakeCXXCompilerABI.cpp"
clang -cc1 version 15.0.0 based upon LLVM 15.0.0git default target arm64-apple-darwin21.5.0
ignoring nonexistent directory "/Library/Developer/CommandLineTools/SDKs/MacOSX12.3.sdk/usr/local/include"
ignoring nonexistent directory "/Library/Developer/CommandLineTools/SDKs/MacOSX12.3.sdk/Library/Frameworks"
#include "..." search starts here:
#include <...> search starts here:
 /Library/Developer/CommandLineTools/SDKs/MacOSX12.3.sdk/usr/include/c++/v1
 /usr/local/llvm/lib/clang/15.0.0/include
 /Library/Developer/CommandLineTools/SDKs/MacOSX12.3.sdk/usr/include
 /Library/Developer/CommandLineTools/SDKs/MacOSX12.3.sdk/System/Library/Frameworks (framework directory)
End of search list.
[2/2] Linking CXX executable cmTC_bf9d4
clang version 15.0.0 (https://github.com/llvm/llvm-project.git 6f9d990a6ea8d352dd08bdfa094335077f92bc32)
Target: arm64-apple-darwin21.5.0
Thread model: posix
InstalledDir: /usr/local/llvm/bin
 "/usr/bin/ld" -demangle -lto_library /usr/local/llvm/lib/libLTO.dylib -dynamic -arch arm64 -platform_version macos 12.0.0 12.3 -syslibroot /Library/Developer/CommandLineTools/SDKs/MacOSX12.3.sdk -o cmTC_bf9d4 -search_paths_first -headerpad_max_install_names -v CMakeFiles/cmTC_bf9d4.dir/CMakeCXXCompilerABI.cpp.o -lc++ -lSystem
@(#)PROGRAM:ld  PROJECT:ld64-764
BUILD 11:22:55 Apr 28 2022
configured to support archs: armv6 armv7 armv7s arm64 arm64e arm64_32 i386 x86_64 x86_64h armv6m armv7k armv7m armv7em
Library search paths:
	/Library/Developer/CommandLineTools/SDKs/MacOSX12.3.sdk/usr/lib
Framework search paths:
	/Library/Developer/CommandLineTools/SDKs/MacOSX12.3.sdk/System/Library/Frameworks/



Parsed CXX implicit include dir info from above output: rv=done
  found start of include info
  found start of implicit include info
    add: [/Library/Developer/CommandLineTools/SDKs/MacOSX12.3.sdk/usr/include/c++/v1]
    add: [/usr/local/llvm/lib/clang/15.0.0/include]
    add: [/Library/Developer/CommandLineTools/SDKs/MacOSX12.3.sdk/usr/include]
  end of search list found
  collapse include dir [/Library/Developer/CommandLineTools/SDKs/MacOSX12.3.sdk/usr/include/c++/v1] ==> [/Library/Developer/CommandLineTools/SDKs/MacOSX12.3.sdk/usr/include/c++/v1]
  collapse include dir [/usr/local/llvm/lib/clang/15.0.0/include] ==> [/usr/local/llvm/lib/clang/15.0.0/include]
  collapse include dir [/Library/Developer/CommandLineTools/SDKs/MacOSX12.3.sdk/usr/include] ==> [/Library/Developer/CommandLineTools/SDKs/MacOSX12.3.sdk/usr/include]
  implicit include dirs: [/Library/Developer/CommandLineTools/SDKs/MacOSX12.3.sdk/usr/include/c++/v1;/usr/local/llvm/lib/clang/15.0.0/include;/Library/Developer/CommandLineTools/SDKs/MacOSX12.3.sdk/usr/include]


Parsed CXX implicit link information from above output:
  link line regex: [^( *|.*[/\])(ld|CMAKE_LINK_STARTFILE-NOTFOUND|([^/\]+-)?ld|collect2)[^/\]*( |$)]
  ignore line: [Change Dir: /Users/xuyiming/git/ChaosOLAP/cpp/cmake-build-debug/CMakeFiles/CMakeTmp]
  ignore line: []
  ignore line: [Run Build Command(s):/Users/xuyiming/Library/Application Support/JetBrains/Toolbox/apps/CLion/ch-0/221.5921.27/CLion.app/Contents/bin/ninja/mac/ninja cmTC_bf9d4 && [1/2] Building CXX object CMakeFiles/cmTC_bf9d4.dir/CMakeCXXCompilerABI.cpp.o]
  ignore line: [clang version 15.0.0 (https://github.com/llvm/llvm-project.git 6f9d990a6ea8d352dd08bdfa094335077f92bc32)]
  ignore line: [Target: arm64-apple-darwin21.5.0]
  ignore line: [Thread model: posix]
  ignore line: [InstalledDir: /usr/local/llvm/bin]
  ignore line: [clang-15: warning: -Wl -v: 'linker' input unused [-Wunused-command-line-argument]]
  ignore line: [ignoring nonexistent directory "/usr/local/llvm/bin/../include/c++/v1"]
  ignore line: [ (in-process)]
  ignore line: [ "/usr/local/llvm/bin/clang-15" -cc1 -triple arm64-apple-macosx12.0.0 -Wundef-prefix=TARGET_OS_ -Werror=undef-prefix -Wdeprecated-objc-isa-usage -Werror=deprecated-objc-isa-usage -emit-obj -mrelax-all --mrelax-relocations -disable-free -clear-ast-before-backend -disable-llvm-verifier -discard-value-names -main-file-name CMakeCXXCompilerABI.cpp -mrelocation-model pic -pic-level 2 -mframe-pointer=non-leaf -ffp-contract=on -fno-rounding-math -funwind-tables=2 -target-sdk-version=12.3 -fcompatibility-qualified-id-block-type-checking -fvisibility-inlines-hidden-static-local-var -target-cpu apple-m1 -target-feature +v8.5a -target-feature +crc -target-feature +lse -target-feature +rdm -target-feature +crypto -target-feature +dotprod -target-feature +fp-armv8 -target-feature +neon -target-feature +fp16fml -target-feature +ras -target-feature +rcpc -target-feature +zcm -target-feature +zcz -target-feature +fullfp16 -target-feature +sm4 -target-feature +sha3 -target-feature +sha2 -target-feature +aes -target-abi darwinpcs -fallow-half-arguments-and-returns -mllvm -treat-scalable-fixed-error-as-warning -debugger-tuning=lldb -target-linker-version 764 -v -fcoverage-compilation-dir=/Users/xuyiming/git/ChaosOLAP/cpp/cmake-build-debug/CMakeFiles/CMakeTmp -resource-dir /usr/local/llvm/lib/clang/15.0.0 -dependency-file CMakeFiles/cmTC_bf9d4.dir/CMakeCXXCompilerABI.cpp.o.d -MT CMakeFiles/cmTC_bf9d4.dir/CMakeCXXCompilerABI.cpp.o -sys-header-deps -isysroot /Library/Developer/CommandLineTools/SDKs/MacOSX12.3.sdk -stdlib=libc++ -internal-isystem /Library/Developer/CommandLineTools/SDKs/MacOSX12.3.sdk/usr/include/c++/v1 -internal-isystem /Library/Developer/CommandLineTools/SDKs/MacOSX12.3.sdk/usr/local/include -internal-isystem /usr/local/llvm/lib/clang/15.0.0/include -internal-externc-isystem /Library/Developer/CommandLineTools/SDKs/MacOSX12.3.sdk/usr/include -fdeprecated-macro -fdebug-compilation-dir=/Users/xuyiming/git/ChaosOLAP/cpp/cmake-build-debug/CMakeFiles/CMakeTmp -ferror-limit 19 -stack-protector 1 -fblocks -fencode-extended-block-signature -fregister-global-dtors-with-atexit -fgnuc-version=4.2.1 -fcxx-exceptions -fexceptions -fmax-type-align=16 -D__GCC_HAVE_DWARF2_CFI_ASM=1 -o CMakeFiles/cmTC_bf9d4.dir/CMakeCXXCompilerABI.cpp.o -x c++ "/Users/xuyiming/Library/Application Support/JetBrains/Toolbox/apps/CLion/ch-0/221.5921.27/CLion.app/Contents/bin/cmake/mac/share/cmake-3.22/Modules/CMakeCXXCompilerABI.cpp"]
  ignore line: [clang -cc1 version 15.0.0 based upon LLVM 15.0.0git default target arm64-apple-darwin21.5.0]
  ignore line: [ignoring nonexistent directory "/Library/Developer/CommandLineTools/SDKs/MacOSX12.3.sdk/usr/local/include"]
  ignore line: [ignoring nonexistent directory "/Library/Developer/CommandLineTools/SDKs/MacOSX12.3.sdk/Library/Frameworks"]
  ignore line: [#include "..." search starts here:]
  ignore line: [#include <...> search starts here:]
  ignore line: [ /Library/Developer/CommandLineTools/SDKs/MacOSX12.3.sdk/usr/include/c++/v1]
  ignore line: [ /usr/local/llvm/lib/clang/15.0.0/include]
  ignore line: [ /Library/Developer/CommandLineTools/SDKs/MacOSX12.3.sdk/usr/include]
  ignore line: [ /Library/Developer/CommandLineTools/SDKs/MacOSX12.3.sdk/System/Library/Frameworks (framework directory)]
  ignore line: [End of search list.]
  ignore line: [[2/2] Linking CXX executable cmTC_bf9d4]
  ignore line: [clang version 15.0.0 (https://github.com/llvm/llvm-project.git 6f9d990a6ea8d352dd08bdfa094335077f92bc32)]
  ignore line: [Target: arm64-apple-darwin21.5.0]
  ignore line: [Thread model: posix]
  ignore line: [InstalledDir: /usr/local/llvm/bin]
  link line: [ "/usr/bin/ld" -demangle -lto_library /usr/local/llvm/lib/libLTO.dylib -dynamic -arch arm64 -platform_version macos 12.0.0 12.3 -syslibroot /Library/Developer/CommandLineTools/SDKs/MacOSX12.3.sdk -o cmTC_bf9d4 -search_paths_first -headerpad_max_install_names -v CMakeFiles/cmTC_bf9d4.dir/CMakeCXXCompilerABI.cpp.o -lc++ -lSystem]
    arg [/usr/bin/ld] ==> ignore
    arg [-demangle] ==> ignore
    arg [-lto_library] ==> ignore, skip following value
    arg [/usr/local/llvm/lib/libLTO.dylib] ==> skip value of -lto_library
    arg [-dynamic] ==> ignore
    arg [-arch] ==> ignore
    arg [arm64] ==> ignore
    arg [-platform_version] ==> ignore
    arg [macos] ==> ignore
    arg [12.0.0] ==> ignore
    arg [12.3] ==> ignore
    arg [-syslibroot] ==> ignore
    arg [/Library/Developer/CommandLineTools/SDKs/MacOSX12.3.sdk] ==> ignore
    arg [-o] ==> ignore
    arg [cmTC_bf9d4] ==> ignore
    arg [-search_paths_first] ==> ignore
    arg [-headerpad_max_install_names] ==> ignore
    arg [-v] ==> ignore
    arg [CMakeFiles/cmTC_bf9d4.dir/CMakeCXXCompilerABI.cpp.o] ==> ignore
    arg [-lc++] ==> lib [c++]
    arg [-lSystem] ==> lib [System]
  Library search paths: [;/Library/Developer/CommandLineTools/SDKs/MacOSX12.3.sdk/usr/lib]
  Framework search paths: [;/Library/Developer/CommandLineTools/SDKs/MacOSX12.3.sdk/System/Library/Frameworks/]
  remove lib [System]
  collapse library dir [/Library/Developer/CommandLineTools/SDKs/MacOSX12.3.sdk/usr/lib] ==> [/Library/Developer/CommandLineTools/SDKs/MacOSX12.3.sdk/usr/lib]
  collapse framework dir [/Library/Developer/CommandLineTools/SDKs/MacOSX12.3.sdk/System/Library/Frameworks/] ==> [/Library/Developer/CommandLineTools/SDKs/MacOSX12.3.sdk/System/Library/Frameworks]
  implicit libs: [c++]
  implicit objs: []
  implicit dirs: [/Library/Developer/CommandLineTools/SDKs/MacOSX12.3.sdk/usr/lib]
  implicit fwks: [/Library/Developer/CommandLineTools/SDKs/MacOSX12.3.sdk/System/Library/Frameworks]


